<?xml version="1.0" encoding="UTF-8"?>
<!-- Generated by org.testng.reporters.JUnitReportReporter -->
<testsuite hostname="Opeyemis-MacBook-Pro.local" failures="0" tests="3" name="yohannaAutomations.onboardingUIAutomation" time="154.962" errors="0" timestamp="2025-08-12T18:29:02 WAT" skipped="0">
  <testcase classname="yohannaAutomations.onboardingUIAutomation" name="feedscreenValidationForNonRegisteredUsers" time="44.091"/>
  <testcase classname="yohannaAutomations.onboardingUIAutomation" name="feedscreenValidationForNonRegisteredUsersII" time="104.210"/>
  <testcase classname="yohannaAutomations.onboardingUIAutomation" name="IntroScreenTest" time="6.661"/>
</testsuite> <!-- yohannaAutomations.onboardingUIAutomation -->
