<?xml version="1.0" encoding="UTF-8"?>
<!-- Generated by org.testng.reporters.JUnitReportReporter -->
<testsuite hostname="Opeyemis-MacBook-Pro.local" failures="0" tests="7" name="yohannaAutomations.onboardingUIAutomation" time="390.688" errors="0" timestamp="2025-10-06T23:01:55 WAT" skipped="0">
  <testcase classname="yohannaAutomations.onboardingUIAutomation" name="IntroScreenTest" time="4.187"/>
  <testcase classname="yohannaAutomations.onboardingUIAutomation" name="ValidateProfileSection" time="15.578"/>
  <testcase classname="yohannaAutomations.onboardingUIAutomation" name="ValidatevalidMailInputOnSignUpPage" time="162.030"/>
  <testcase classname="yohannaAutomations.onboardingUIAutomation" name="ValidateLanguageSynconSignUpPage" time="35.598"/>
  <testcase classname="yohannaAutomations.onboardingUIAutomation" name="validateLogOutFunctionality" time="72.334"/>
  <testcase classname="yohannaAutomations.onboardingUIAutomation" name="feedscreenValidationForNonRegisteredUsers" time="90.460"/>
  <testcase classname="yohannaAutomations.onboardingUIAutomation" name="ValidateInvalidMailInputOnSignUpPage" time="10.501"/>
</testsuite> <!-- yohannaAutomations.onboardingUIAutomation -->
